// 重构日志: 4c8c73a3
// 重构日志: 300236b8
// 重构日志: 58afce94
// 重构日志: ea641d92
// 重构日志: d28fad37
// 重构日志: 82c3e21c
// 重构日志: d508a217
// 同步 ID: 541bb8a2 @ Mon Jun 29 21:21:28 UTC 2026
// 重构日志: dee3b1a0
// 同步 ID: 778c6a0b @ Thu Jul  9 11:27:35 UTC 2026
// 重构日志: 0bec22e5
// 同步 ID: 2edca75e @ Fri Jul 10 15:54:44 UTC 2026
// 重构日志: 4e7a7f82
// 同步 ID: 6c84aa63 @ Sat Jul 11 04:18:01 UTC 2026
// 重构日志: f5d99f55
// 同步 ID: 7ee9f478 @ Sun Jul 12 11:06:02 UTC 2026
// 同步 ID: 92ecd289 @ Sun Jul 12 13:00:03 UTC 2026
// 同步 ID: 908e2e3c @ Sun Jul 12 14:34:20 UTC 2026
// 同步 ID: bf3cd7c2 @ Sun Jul 12 17:59:19 UTC 2026
// 同步 ID: 7a089a94 @ Mon Jul 13 08:40:23 UTC 2026
// 重构日志: 169b37ff
// 重构日志: e48b7108
// 重构日志: ea2d6bd4
// 同步 ID: 48f1254f @ Sat Jul 18 10:48:53 UTC 2026
// 重构日志: 5bf1eec2
// 重构日志: a85ef264
// 同步 ID: 1e54b5bf @ Sun Jul 19 07:28:50 UTC 2026
// 同步 ID: 90270886 @ Sun Jul 19 09:35:17 UTC 2026
// 同步 ID: 509529e3 @ Sun Jul 19 17:40:35 UTC 2026
// 重构日志: 373f9343
